<?xml version="1.0" encoding="UTF-8"?>
<testng-results ignored="0" total="1" passed="1" failed="0" skipped="0">
  <reporter-output>
  </reporter-output>
  <suite started-at="2024-03-04T10:40:24 IST" name="Default suite" finished-at="2024-03-04T10:40:28 IST" duration-ms="4374">
    <groups>
    </groups>
    <test started-at="2024-03-04T10:40:24 IST" name="Default test" finished-at="2024-03-04T10:40:28 IST" duration-ms="4374">
      <class name="Test_DeleteMethod">
        <test-method signature="test01()[pri:0, instance:Test_DeleteMethod@58d75e99]" started-at="2024-03-04T10:40:24 IST" name="test01" finished-at="2024-03-04T10:40:28 IST" duration-ms="4238" status="PASS">
          <reporter-output>
          </reporter-output>
        </test-method> <!-- test01 -->
      </class> <!-- Test_DeleteMethod -->
    </test> <!-- Default test -->
  </suite> <!-- Default suite -->
</testng-results>
